  original equilibrium profiles passed from mapping


 run imode                    =      1


 equilibrium grid size         nosurf =     402
 rel. width of big element      dlayb =      0.900000
 rel. width for frobenius coeff. dlay =      0.005000


 number of finite elements          m =      70

  ***error in nodes: zc(nosing)+b = ;    1.0000243148208185     
 half width of element near rat. surf =    0.00016742


 psisin =  0.00000E+00 0.35307E-01 0.46693E-01

 there are   70 finite elements in the mesh



 number of mesh nodes in:
 section     zone-1     zone-2     zone-3
    1             4         45          3
    2             4          9          4
 psinew =  0.00000E+00 0.51453E-04 0.10291E-03 0.25727E-03 0.41162E-03 0.66889E-03 0.92615E-03 0.12685E-02
 psinew =  0.16108E-02 0.19618E-02 0.23128E-02 0.26638E-02 0.30148E-02 0.33658E-02 0.37168E-02 0.40678E-02
 psinew =  0.44188E-02 0.47698E-02 0.51208E-02 0.54718E-02 0.58228E-02 0.61738E-02 0.65248E-02 0.68758E-02
 psinew =  0.72268E-02 0.75778E-02 0.79288E-02 0.82798E-02 0.86308E-02 0.89818E-02 0.93328E-02 0.96838E-02
 psinew =  0.10035E-01 0.10386E-01 0.10737E-01 0.11088E-01 0.11439E-01 0.11790E-01 0.12141E-01 0.12492E-01
 psinew =  0.12843E-01 0.13194E-01 0.13545E-01 0.13896E-01 0.14247E-01 0.14598E-01 0.14949E-01 0.15300E-01
 psinew =  0.15651E-01 0.16002E-01 0.16353E-01 0.16704E-01 0.17055E-01 0.17406E-01 0.17757E-01 0.18108E-01
 psinew =  0.18459E-01 0.18810E-01 0.19161E-01 0.19512E-01 0.19863E-01 0.20214E-01 0.20565E-01 0.20916E-01
 psinew =  0.21267E-01 0.21618E-01 0.21969E-01 0.22320E-01 0.22671E-01 0.23022E-01 0.23373E-01 0.23724E-01
 psinew =  0.24075E-01 0.24426E-01 0.24777E-01 0.25128E-01 0.25479E-01 0.25830E-01 0.26181E-01 0.26532E-01
 psinew =  0.26883E-01 0.27234E-01 0.27585E-01 0.27936E-01 0.28287E-01 0.28638E-01 0.28989E-01 0.29340E-01
 psinew =  0.29691E-01 0.30042E-01 0.30393E-01 0.30744E-01 0.31095E-01 0.31446E-01 0.31797E-01 0.32148E-01
 psinew =  0.32499E-01 0.32850E-01 0.33201E-01 0.33552E-01 0.33903E-01 0.34254E-01 0.34605E-01 0.34872E-01
 psinew =  0.35139E-01 0.35307E-01 0.35474E-01 0.35725E-01 0.35976E-01 0.36311E-01 0.36646E-01 0.36981E-01
 psinew =  0.37316E-01 0.37651E-01 0.37986E-01 0.38320E-01 0.38655E-01 0.38990E-01 0.39325E-01 0.39660E-01
 psinew =  0.39995E-01 0.40329E-01 0.40664E-01 0.40999E-01 0.41334E-01 0.41669E-01 0.42004E-01 0.42339E-01
 psinew =  0.42673E-01 0.43008E-01 0.43343E-01 0.43678E-01 0.44013E-01 0.44348E-01 0.44684E-01 0.45018E-01
 psinew =  0.45353E-01 0.45688E-01 0.46023E-01 0.46358E-01 0.46693E-01

 rational surface at surface no.   106
                              q =   0.150000000E+01
 1st derivative of q         qp =   0.503855604E+02
 2nd derivative of q        qpp =   0.370095533E+04
 big exponent                pb =  -0.100000000E+01
 small exponent              ps =   0.000000000E+00
 matching coef.     cmatch(  1) =   0.225562158E+04
 rational surface   psinew(106) =   0.353067725E-01
 norm factor 2 mu f <r grad psi>       0.119469540E+03
 inverse aspect ratio              =       0.271008994
 beta poloidal 2 p/B_theta^2       =       0.000000000
 Lq/Lp                             =       0.000000000

 frobenius eigenvector and their adjoint for ls =   3

 re vector: small re adj.v.: small re vector:   big re adj.v.:   big
   0.10000000E+01  -0.28410984E+00   0.10000000E+01   0.12841098E+01
  -0.72815271E+00   0.17635172E+01  -0.16110409E+00  -0.17635172E+01

 im vector: small im adj.v.: small im vector:   big im adj.v.:   big
   0.00000000E+00   0.64970431E-14   0.00000000E+00  -0.64970431E-14
  -0.10168537E-13  -0.15700994E-13  -0.22494636E-14  -0.15700994E-13

 zero beta coefficients:
           re log           im log         re const         im const
   0.21695698E-01  -0.11585843E-16  -0.20235576E-01  -0.43030663E-04
  -0.15796369E-01  -0.40368175E-16   0.32600341E-02   0.69324158E-05

 order pb+1 re coefficients:
            0           1           2           3           4           5           6           7           8

 order pb+1 re coefficients:
            9          10
   0.0000E+00  0.0000E+00  0.0000E+00  0.0000E+00  0.0000E+00  0.0000E+00  0.0000E+00  0.0000E+00  0.0000E+00
   0.0000E+00  0.0000E+00
   0.0000E+00  0.0000E+00  0.0000E+00  0.0000E+00  0.0000E+00  0.0000E+00  0.0000E+00  0.0000E+00  0.0000E+00
   0.0000E+00  0.0000E+00

 order pb+1 im coefficients:
            0           1           2           3           4           5           6           7           8

 order pb+1 im coefficients:
            9          10
   0.0000E+00  0.0000E+00  0.0000E+00  0.0000E+00  0.0000E+00  0.0000E+00  0.0000E+00  0.0000E+00  0.0000E+00
   0.0000E+00  0.0000E+00
   0.0000E+00  0.0000E+00  0.0000E+00  0.0000E+00  0.0000E+00  0.0000E+00  0.0000E+00  0.0000E+00  0.0000E+00
   0.0000E+00  0.0000E+00

 order pb+2 re coefficients:
            0           1           2           3           4           5           6           7           8

 order pb+2 re coefficients:
            9          10
   0.0000E+00  0.0000E+00  0.0000E+00  0.0000E+00  0.0000E+00  0.0000E+00  0.0000E+00  0.0000E+00  0.0000E+00
   0.0000E+00  0.0000E+00
   0.0000E+00  0.0000E+00  0.0000E+00  0.0000E+00  0.0000E+00  0.0000E+00  0.0000E+00  0.0000E+00  0.0000E+00
   0.0000E+00  0.0000E+00

 order pb+2 im coefficients:
            0           1           2           3           4           5           6           7           8

 order pb+2 im coefficients:
            9          10
   0.0000E+00  0.0000E+00  0.0000E+00  0.0000E+00  0.0000E+00  0.0000E+00  0.0000E+00  0.0000E+00  0.0000E+00
   0.0000E+00  0.0000E+00
   0.0000E+00  0.0000E+00  0.0000E+00  0.0000E+00  0.0000E+00  0.0000E+00  0.0000E+00  0.0000E+00  0.0000E+00
   0.0000E+00  0.0000E+00

 coefficient for subtraction of small solution has been reset to: xsmnus( 1) = -0.00000000E+00



 plasma is ideally stable: 
 -------------------------

 energies:
 jms =   1 jmss =   1
zwoe =   0.2529051E+00 + i*  0.7311253E-07
 zwoo =   0.5035453E+00 + i* -0.1887581E-18
w1l1eo(jms,jmss) =   0.1026739E+00 + i* -0.7055877E-07
 w1l1oo(jms,jmss) =   0.5132158E+00 + i*  0.4364703E-05


 energies:
 jms =   1 jmss =   1
zwee =   0.4983110E+00 + i*  0.5786400E-19
 zweo =   0.2529051E+00 + i* -0.7311253E-07
w1l1ee(jms,jmss) =   0.5132158E+00 + i*  0.4364703E-05
 w1l1oe(jms,jmss) =   0.1026739E+00 + i*  0.7055877E-07


2 times matching matrix (re part)

    -0.0149     0.1502
     0.1502    -0.0097

2 times matching matrix (im part)

    -0.0000    -0.0000
     0.0000    -0.0000


                     end of case no  1

 run imode                    =      2


 number of finite elements          m =     100

  ***error in nodes: zc(nosing)+b = ;    1.0000243148208185     

 psisin =  0.00000E+00 0.35307E-01 0.46693E-01

 there are  100 finite elements in the mesh



 number of mesh nodes in:
 section     zone-1     zone-2     zone-3
    1             5         66          4
    2             5         14          5
 psinew =  0.00000E+00 0.24734E-04 0.49468E-04 0.12367E-03 0.19787E-03 0.32154E-03 0.44521E-03 0.61835E-03
 psinew =  0.79149E-03 0.10139E-02 0.12364E-02 0.14797E-02 0.17231E-02 0.19665E-02 0.22098E-02 0.24532E-02
 psinew =  0.26965E-02 0.29399E-02 0.31833E-02 0.34266E-02 0.36700E-02 0.39133E-02 0.41567E-02 0.44001E-02
 psinew =  0.46434E-02 0.48868E-02 0.51301E-02 0.53735E-02 0.56169E-02 0.58602E-02 0.61036E-02 0.63469E-02
 psinew =  0.65903E-02 0.68337E-02 0.70770E-02 0.73204E-02 0.75637E-02 0.78071E-02 0.80505E-02 0.82938E-02
 psinew =  0.85372E-02 0.87805E-02 0.90239E-02 0.92673E-02 0.95106E-02 0.97540E-02 0.99973E-02 0.10241E-01
 psinew =  0.10484E-01 0.10727E-01 0.10971E-01 0.11214E-01 0.11457E-01 0.11701E-01 0.11944E-01 0.12188E-01
 psinew =  0.12431E-01 0.12674E-01 0.12918E-01 0.13161E-01 0.13404E-01 0.13648E-01 0.13891E-01 0.14134E-01
 psinew =  0.14378E-01 0.14621E-01 0.14865E-01 0.15108E-01 0.15351E-01 0.15595E-01 0.15838E-01 0.16081E-01
 psinew =  0.16325E-01 0.16568E-01 0.16811E-01 0.17055E-01 0.17298E-01 0.17541E-01 0.17785E-01 0.18028E-01
 psinew =  0.18272E-01 0.18515E-01 0.18758E-01 0.19002E-01 0.19245E-01 0.19488E-01 0.19732E-01 0.19975E-01
 psinew =  0.20218E-01 0.20462E-01 0.20705E-01 0.20949E-01 0.21192E-01 0.21435E-01 0.21679E-01 0.21922E-01
 psinew =  0.22165E-01 0.22409E-01 0.22652E-01 0.22895E-01 0.23139E-01 0.23382E-01 0.23625E-01 0.23869E-01
 psinew =  0.24112E-01 0.24356E-01 0.24599E-01 0.24842E-01 0.25086E-01 0.25329E-01 0.25572E-01 0.25816E-01
 psinew =  0.26059E-01 0.26302E-01 0.26546E-01 0.26789E-01 0.27033E-01 0.27276E-01 0.27519E-01 0.27763E-01
 psinew =  0.28006E-01 0.28249E-01 0.28493E-01 0.28736E-01 0.28979E-01 0.29223E-01 0.29466E-01 0.29709E-01
 psinew =  0.29953E-01 0.30196E-01 0.30440E-01 0.30683E-01 0.30926E-01 0.31170E-01 0.31413E-01 0.31656E-01
 psinew =  0.31900E-01 0.32143E-01 0.32386E-01 0.32630E-01 0.32873E-01 0.33117E-01 0.33360E-01 0.33603E-01
 psinew =  0.33847E-01 0.34090E-01 0.34333E-01 0.34577E-01 0.34820E-01 0.35004E-01 0.35188E-01 0.35307E-01
 psinew =  0.35425E-01 0.35603E-01 0.35781E-01 0.36018E-01 0.36255E-01 0.36493E-01 0.36730E-01 0.36967E-01
 psinew =  0.37204E-01 0.37441E-01 0.37679E-01 0.37916E-01 0.38153E-01 0.38390E-01 0.38627E-01 0.38864E-01
 psinew =  0.39102E-01 0.39339E-01 0.39576E-01 0.39813E-01 0.40050E-01 0.40288E-01 0.40525E-01 0.40762E-01
 psinew =  0.40999E-01 0.41236E-01 0.41473E-01 0.41711E-01 0.41948E-01 0.42185E-01 0.42422E-01 0.42659E-01
 psinew =  0.42897E-01 0.43134E-01 0.43371E-01 0.43608E-01 0.43845E-01 0.44082E-01 0.44320E-01 0.44557E-01
 psinew =  0.44795E-01 0.45032E-01 0.45270E-01 0.45507E-01 0.45744E-01 0.45981E-01 0.46218E-01 0.46455E-01
 psinew =  0.46693E-01


 plasma is ideally stable: 
 -------------------------

 energies:
 jms =   1 jmss =   1
zwoe =   0.2514418E+00 + i*  0.4546415E-07
 zwoo =   0.5033320E+00 + i*  0.3904143E-19
w1l1eo(jms,jmss) =   0.9921523E-01 + i* -0.2134308E-07
 w1l1oo(jms,jmss) =   0.5101465E+00 + i*  0.3181278E-05


 energies:
 jms =   1 jmss =   1
zwee =   0.4985896E+00 + i*  0.6760018E-20
 zweo =   0.2514418E+00 + i* -0.4546415E-07
w1l1ee(jms,jmss) =   0.5101465E+00 + i*  0.3181278E-05
 w1l1oe(jms,jmss) =   0.9921523E-01 + i*  0.2134308E-07


2 times matching matrix (re part)

    -0.0116     0.1522
     0.1522    -0.0068

2 times matching matrix (im part)

    -0.0000    -0.0000
     0.0000    -0.0000


                     end of case no  2

 run imode                    =      3


 number of finite elements          m =     140

  ***error in nodes: zc(nosing)+b = ;    1.0000243148208185     

 psisin =  0.00000E+00 0.35307E-01 0.46693E-01

 there are  140 finite elements in the mesh



 number of mesh nodes in:
 section     zone-1     zone-2     zone-3
    1             7         93          6
    2             7         19          7
 psinew =  0.00000E+00 0.12382E-04 0.24765E-04 0.61912E-04 0.99059E-04 0.16097E-03 0.22288E-03 0.30956E-03
 psinew =  0.39624E-03 0.50768E-03 0.61912E-03 0.75533E-03 0.89153E-03 0.10525E-02 0.12134E-02 0.13856E-02
 psinew =  0.15578E-02 0.17300E-02 0.19022E-02 0.20744E-02 0.22466E-02 0.24187E-02 0.25909E-02 0.27631E-02
 psinew =  0.29353E-02 0.31075E-02 0.32797E-02 0.34519E-02 0.36241E-02 0.37963E-02 0.39684E-02 0.41406E-02
 psinew =  0.43128E-02 0.44850E-02 0.46572E-02 0.48294E-02 0.50016E-02 0.51738E-02 0.53460E-02 0.55181E-02
 psinew =  0.56903E-02 0.58625E-02 0.60347E-02 0.62069E-02 0.63791E-02 0.65513E-02 0.67235E-02 0.68956E-02
 psinew =  0.70678E-02 0.72400E-02 0.74122E-02 0.75844E-02 0.77566E-02 0.79288E-02 0.81010E-02 0.82732E-02
 psinew =  0.84453E-02 0.86175E-02 0.87897E-02 0.89619E-02 0.91341E-02 0.93063E-02 0.94785E-02 0.96507E-02
 psinew =  0.98229E-02 0.99950E-02 0.10167E-01 0.10339E-01 0.10512E-01 0.10684E-01 0.10856E-01 0.11028E-01
 psinew =  0.11200E-01 0.11373E-01 0.11545E-01 0.11717E-01 0.11889E-01 0.12061E-01 0.12233E-01 0.12406E-01
 psinew =  0.12578E-01 0.12750E-01 0.12922E-01 0.13094E-01 0.13267E-01 0.13439E-01 0.13611E-01 0.13783E-01
 psinew =  0.13955E-01 0.14128E-01 0.14300E-01 0.14472E-01 0.14644E-01 0.14816E-01 0.14989E-01 0.15161E-01
 psinew =  0.15333E-01 0.15505E-01 0.15677E-01 0.15849E-01 0.16022E-01 0.16194E-01 0.16366E-01 0.16538E-01
 psinew =  0.16710E-01 0.16883E-01 0.17055E-01 0.17227E-01 0.17399E-01 0.17571E-01 0.17744E-01 0.17916E-01
 psinew =  0.18088E-01 0.18260E-01 0.18432E-01 0.18604E-01 0.18777E-01 0.18949E-01 0.19121E-01 0.19293E-01
 psinew =  0.19465E-01 0.19638E-01 0.19810E-01 0.19982E-01 0.20154E-01 0.20326E-01 0.20499E-01 0.20671E-01
 psinew =  0.20843E-01 0.21015E-01 0.21187E-01 0.21359E-01 0.21532E-01 0.21704E-01 0.21876E-01 0.22048E-01
 psinew =  0.22220E-01 0.22393E-01 0.22565E-01 0.22737E-01 0.22909E-01 0.23081E-01 0.23254E-01 0.23426E-01
 psinew =  0.23598E-01 0.23770E-01 0.23942E-01 0.24115E-01 0.24287E-01 0.24459E-01 0.24631E-01 0.24803E-01
 psinew =  0.24975E-01 0.25148E-01 0.25320E-01 0.25492E-01 0.25664E-01 0.25836E-01 0.26009E-01 0.26181E-01
 psinew =  0.26353E-01 0.26525E-01 0.26697E-01 0.26870E-01 0.27042E-01 0.27214E-01 0.27386E-01 0.27558E-01
 psinew =  0.27730E-01 0.27903E-01 0.28075E-01 0.28247E-01 0.28419E-01 0.28591E-01 0.28764E-01 0.28936E-01
 psinew =  0.29108E-01 0.29280E-01 0.29452E-01 0.29625E-01 0.29797E-01 0.29969E-01 0.30141E-01 0.30313E-01
 psinew =  0.30485E-01 0.30658E-01 0.30830E-01 0.31002E-01 0.31174E-01 0.31346E-01 0.31519E-01 0.31691E-01
 psinew =  0.31863E-01 0.32035E-01 0.32207E-01 0.32380E-01 0.32552E-01 0.32724E-01 0.32896E-01 0.33068E-01
 psinew =  0.33241E-01 0.33413E-01 0.33585E-01 0.33757E-01 0.33929E-01 0.34101E-01 0.34274E-01 0.34446E-01
 psinew =  0.34618E-01 0.34790E-01 0.34962E-01 0.35092E-01 0.35221E-01 0.35307E-01 0.35393E-01 0.35522E-01
 psinew =  0.35652E-01 0.35824E-01 0.35997E-01 0.36169E-01 0.36342E-01 0.36514E-01 0.36687E-01 0.36859E-01
 psinew =  0.37032E-01 0.37204E-01 0.37377E-01 0.37549E-01 0.37722E-01 0.37894E-01 0.38067E-01 0.38239E-01
 psinew =  0.38412E-01 0.38584E-01 0.38757E-01 0.38929E-01 0.39102E-01 0.39274E-01 0.39447E-01 0.39619E-01
 psinew =  0.39792E-01 0.39964E-01 0.40137E-01 0.40309E-01 0.40482E-01 0.40654E-01 0.40827E-01 0.40999E-01
 psinew =  0.41172E-01 0.41344E-01 0.41517E-01 0.41689E-01 0.41862E-01 0.42034E-01 0.42207E-01 0.42379E-01
 psinew =  0.42552E-01 0.42724E-01 0.42897E-01 0.43069E-01 0.43242E-01 0.43414E-01 0.43587E-01 0.43759E-01
 psinew =  0.43932E-01 0.44104E-01 0.44277E-01 0.44450E-01 0.44623E-01 0.44795E-01 0.44968E-01 0.45140E-01
 psinew =  0.45313E-01 0.45485E-01 0.45658E-01 0.45830E-01 0.46003E-01 0.46175E-01 0.46348E-01 0.46520E-01
 psinew =  0.46693E-01


 plasma is ideally stable: 
 -------------------------

 energies:
 jms =   1 jmss =   1
zwoe =   0.2498602E+00 + i*  0.7374784E-07
 zwoo =   0.5027378E+00 + i* -0.1771160E-18
w1l1eo(jms,jmss) =   0.9689311E-01 + i* -0.7805311E-08
 w1l1oo(jms,jmss) =   0.5080213E+00 + i*  0.2380374E-05


 energies:
 jms =   1 jmss =   1
zwee =   0.4981159E+00 + i* -0.1081582E-18
 zweo =   0.2498602E+00 + i* -0.7374784E-07
w1l1ee(jms,jmss) =   0.5080213E+00 + i*  0.2380374E-05
 w1l1oe(jms,jmss) =   0.9689311E-01 + i*  0.7805311E-08


2 times matching matrix (re part)

    -0.0099     0.1530
     0.1530    -0.0053

2 times matching matrix (im part)

    -0.0000    -0.0000
     0.0000    -0.0000


                     end of case no  3

 run imode                    =      4


 number of finite elements          m =     200

  ***error in nodes: zc(nosing)+b = ;    1.0000243148208185     

 psisin =  0.00000E+00 0.35307E-01 0.46693E-01

 there are  200 finite elements in the mesh



 number of mesh nodes in:
 section     zone-1     zone-2     zone-3
    1            10        132          9
    2            10         28         10
 psinew =  0.00000E+00 0.61019E-05 0.12204E-04 0.30509E-04 0.48815E-04 0.79324E-04 0.10983E-03 0.15255E-03
 psinew =  0.19526E-03 0.25018E-03 0.30509E-03 0.37221E-03 0.43934E-03 0.51866E-03 0.59798E-03 0.68951E-03
 psinew =  0.78104E-03 0.88477E-03 0.98850E-03 0.11044E-02 0.12203E-02 0.13411E-02 0.14620E-02 0.15829E-02
 psinew =  0.17038E-02 0.18246E-02 0.19455E-02 0.20664E-02 0.21873E-02 0.23081E-02 0.24290E-02 0.25499E-02
 psinew =  0.26708E-02 0.27916E-02 0.29125E-02 0.30334E-02 0.31543E-02 0.32751E-02 0.33960E-02 0.35169E-02
 psinew =  0.36377E-02 0.37586E-02 0.38795E-02 0.40004E-02 0.41212E-02 0.42421E-02 0.43630E-02 0.44839E-02
 psinew =  0.46047E-02 0.47256E-02 0.48465E-02 0.49674E-02 0.50882E-02 0.52091E-02 0.53300E-02 0.54509E-02
 psinew =  0.55717E-02 0.56926E-02 0.58135E-02 0.59344E-02 0.60552E-02 0.61761E-02 0.62970E-02 0.64179E-02
 psinew =  0.65387E-02 0.66596E-02 0.67805E-02 0.69013E-02 0.70222E-02 0.71431E-02 0.72640E-02 0.73848E-02
 psinew =  0.75057E-02 0.76266E-02 0.77475E-02 0.78683E-02 0.79892E-02 0.81101E-02 0.82310E-02 0.83518E-02
 psinew =  0.84727E-02 0.85936E-02 0.87145E-02 0.88353E-02 0.89562E-02 0.90771E-02 0.91980E-02 0.93188E-02
 psinew =  0.94397E-02 0.95606E-02 0.96815E-02 0.98023E-02 0.99232E-02 0.10044E-01 0.10165E-01 0.10286E-01
 psinew =  0.10407E-01 0.10528E-01 0.10648E-01 0.10769E-01 0.10890E-01 0.11011E-01 0.11132E-01 0.11253E-01
 psinew =  0.11374E-01 0.11495E-01 0.11615E-01 0.11736E-01 0.11857E-01 0.11978E-01 0.12099E-01 0.12220E-01
 psinew =  0.12341E-01 0.12462E-01 0.12582E-01 0.12703E-01 0.12824E-01 0.12945E-01 0.13066E-01 0.13187E-01
 psinew =  0.13308E-01 0.13429E-01 0.13549E-01 0.13670E-01 0.13791E-01 0.13912E-01 0.14033E-01 0.14154E-01
 psinew =  0.14275E-01 0.14396E-01 0.14516E-01 0.14637E-01 0.14758E-01 0.14879E-01 0.15000E-01 0.15121E-01
 psinew =  0.15242E-01 0.15363E-01 0.15483E-01 0.15604E-01 0.15725E-01 0.15846E-01 0.15967E-01 0.16088E-01
 psinew =  0.16209E-01 0.16330E-01 0.16450E-01 0.16571E-01 0.16692E-01 0.16813E-01 0.16934E-01 0.17055E-01
 psinew =  0.17176E-01 0.17297E-01 0.17417E-01 0.17538E-01 0.17659E-01 0.17780E-01 0.17901E-01 0.18022E-01
 psinew =  0.18143E-01 0.18264E-01 0.18384E-01 0.18505E-01 0.18626E-01 0.18747E-01 0.18868E-01 0.18989E-01
 psinew =  0.19110E-01 0.19231E-01 0.19351E-01 0.19472E-01 0.19593E-01 0.19714E-01 0.19835E-01 0.19956E-01
 psinew =  0.20077E-01 0.20198E-01 0.20318E-01 0.20439E-01 0.20560E-01 0.20681E-01 0.20802E-01 0.20923E-01
 psinew =  0.21044E-01 0.21164E-01 0.21285E-01 0.21406E-01 0.21527E-01 0.21648E-01 0.21769E-01 0.21890E-01
 psinew =  0.22011E-01 0.22131E-01 0.22252E-01 0.22373E-01 0.22494E-01 0.22615E-01 0.22736E-01 0.22857E-01
 psinew =  0.22978E-01 0.23098E-01 0.23219E-01 0.23340E-01 0.23461E-01 0.23582E-01 0.23703E-01 0.23824E-01
 psinew =  0.23945E-01 0.24065E-01 0.24186E-01 0.24307E-01 0.24428E-01 0.24549E-01 0.24670E-01 0.24791E-01
 psinew =  0.24912E-01 0.25032E-01 0.25153E-01 0.25274E-01 0.25395E-01 0.25516E-01 0.25637E-01 0.25758E-01
 psinew =  0.25879E-01 0.25999E-01 0.26120E-01 0.26241E-01 0.26362E-01 0.26483E-01 0.26604E-01 0.26725E-01
 psinew =  0.26846E-01 0.26966E-01 0.27087E-01 0.27208E-01 0.27329E-01 0.27450E-01 0.27571E-01 0.27692E-01
 psinew =  0.27813E-01 0.27933E-01 0.28054E-01 0.28175E-01 0.28296E-01 0.28417E-01 0.28538E-01 0.28659E-01
 psinew =  0.28780E-01 0.28900E-01 0.29021E-01 0.29142E-01 0.29263E-01 0.29384E-01 0.29505E-01 0.29626E-01
 psinew =  0.29747E-01 0.29867E-01 0.29988E-01 0.30109E-01 0.30230E-01 0.30351E-01 0.30472E-01 0.30593E-01
 psinew =  0.30714E-01 0.30834E-01 0.30955E-01 0.31076E-01 0.31197E-01 0.31318E-01 0.31439E-01 0.31560E-01
 psinew =  0.31681E-01 0.31801E-01 0.31922E-01 0.32043E-01 0.32164E-01 0.32285E-01 0.32406E-01 0.32527E-01
 psinew =  0.32648E-01 0.32768E-01 0.32889E-01 0.33010E-01 0.33131E-01 0.33252E-01 0.33373E-01 0.33494E-01
 psinew =  0.33615E-01 0.33735E-01 0.33856E-01 0.33977E-01 0.34098E-01 0.34219E-01 0.34340E-01 0.34461E-01
 psinew =  0.34582E-01 0.34702E-01 0.34823E-01 0.34944E-01 0.35065E-01 0.35156E-01 0.35247E-01 0.35307E-01
 psinew =  0.35366E-01 0.35455E-01 0.35544E-01 0.35663E-01 0.35781E-01 0.35900E-01 0.36018E-01 0.36137E-01
 psinew =  0.36255E-01 0.36374E-01 0.36493E-01 0.36611E-01 0.36730E-01 0.36848E-01 0.36967E-01 0.37086E-01
 psinew =  0.37204E-01 0.37323E-01 0.37441E-01 0.37560E-01 0.37679E-01 0.37797E-01 0.37916E-01 0.38034E-01
 psinew =  0.38153E-01 0.38272E-01 0.38390E-01 0.38509E-01 0.38627E-01 0.38746E-01 0.38864E-01 0.38983E-01
 psinew =  0.39102E-01 0.39220E-01 0.39339E-01 0.39457E-01 0.39576E-01 0.39695E-01 0.39813E-01 0.39932E-01
 psinew =  0.40050E-01 0.40169E-01 0.40288E-01 0.40406E-01 0.40525E-01 0.40643E-01 0.40762E-01 0.40881E-01
 psinew =  0.40999E-01 0.41118E-01 0.41236E-01 0.41355E-01 0.41473E-01 0.41592E-01 0.41711E-01 0.41829E-01
 psinew =  0.41948E-01 0.42066E-01 0.42185E-01 0.42304E-01 0.42422E-01 0.42541E-01 0.42659E-01 0.42778E-01
 psinew =  0.42897E-01 0.43015E-01 0.43134E-01 0.43252E-01 0.43371E-01 0.43490E-01 0.43608E-01 0.43727E-01
 psinew =  0.43845E-01 0.43964E-01 0.44082E-01 0.44201E-01 0.44320E-01 0.44439E-01 0.44558E-01 0.44677E-01
 psinew =  0.44795E-01 0.44914E-01 0.45032E-01 0.45151E-01 0.45270E-01 0.45388E-01 0.45507E-01 0.45625E-01
 psinew =  0.45744E-01 0.45863E-01 0.45981E-01 0.46100E-01 0.46218E-01 0.46337E-01 0.46455E-01 0.46574E-01
 psinew =  0.46693E-01


 plasma is ideally stable: 
 -------------------------

 energies:
 jms =   1 jmss =   1
zwoe =   0.2483231E+00 + i*  0.1657146E-06
 zwoo =   0.5020827E+00 + i*  0.1134426E-18
w1l1eo(jms,jmss) =   0.9501331E-01 + i*  0.1754305E-07
 w1l1oo(jms,jmss) =   0.5061472E+00 + i*  0.1680086E-05


 energies:
 jms =   1 jmss =   1
zwee =   0.4975150E+00 + i*  0.3331700E-18
 zweo =   0.2483231E+00 + i* -0.1657146E-06
w1l1ee(jms,jmss) =   0.5061472E+00 + i*  0.1680086E-05
 w1l1oe(jms,jmss) =   0.9501331E-01 + i* -0.1754305E-07


2 times matching matrix (re part)

    -0.0086     0.1533
     0.1533    -0.0041

2 times matching matrix (im part)

    -0.0000    -0.0000
     0.0000    -0.0000


                     end of case no  4



 2 times matching matrix extrapolated to infinite m (re part)

   -0.00799    0.15384
    0.15384   -0.00356


 2 times matching matrix extrapolated to infinite m (im part)

   -0.00000   -0.00000
    0.00000   -0.00000
